<?xml version="1.0" encoding="UTF-8"?>
<testng-results skipped="0" failed="0" total="1" passed="1">
  <reporter-output>
  </reporter-output>
  <suite name="Default suite" duration-ms="18270" started-at="2020-07-17T09:23:05Z" finished-at="2020-07-17T09:23:23Z">
    <groups>
    </groups>
    <test name="Default test" duration-ms="18270" started-at="2020-07-17T09:23:05Z" finished-at="2020-07-17T09:23:23Z">
      <class name="test.openingtest">
        <test-method status="PASS" signature="setup()[pri:0, instance:test.openingtest@21a06946]" name="setup" is-config="true" duration-ms="15190" started-at="2020-07-17T14:53:05Z" finished-at="2020-07-17T14:53:20Z">
          <reporter-output>
          </reporter-output>
        </test-method> <!-- setup -->
        <test-method status="PASS" signature="ValidateLogin()[pri:0, instance:test.openingtest@21a06946]" name="ValidateLogin" duration-ms="3051" started-at="2020-07-17T14:53:20Z" finished-at="2020-07-17T14:53:23Z">
          <reporter-output>
          </reporter-output>
        </test-method> <!-- ValidateLogin -->
      </class> <!-- test.openingtest -->
    </test> <!-- Default test -->
  </suite> <!-- Default suite -->
</testng-results>
