<?xml version="1.0" encoding="UTF-8"?>
<!-- Generated by org.testng.reporters.JUnitReportReporter -->
<testsuite hostname="DESKTOP-JN4G41Q" name="com.test.openingtest" tests="2" failures="0" timestamp="16 Jul 2020 10:33:24 GMT" time="0.042" errors="2">
  <testcase name="ValidateLogin" time="0.021" classname="com.test.openingtest">
    <error type="org.testng.TestNGException" message="
Parameter &#039;brower&#039; is required by @Configuration on method setup but has not been marked @Optional or defined
in C:\Users\Dell\Desktop\Automationtesting\testng.xml">
      <![CDATA[org.testng.TestNGException: 
Parameter 'brower' is required by @Configuration on method setup but has not been marked @Optional or defined
in C:\Users\Dell\Desktop\Automationtesting\testng.xml
	at org.testng.internal.Parameters.createParameters(Parameters.java:154)
	at org.testng.internal.Parameters.createParameters(Parameters.java:361)
	at org.testng.internal.Parameters.createConfigurationParameters(Parameters.java:84)
	at org.testng.internal.Invoker.invokeConfigurations(Invoker.java:201)
	at org.testng.internal.Invoker.invokeConfigurations(Invoker.java:142)
	at org.testng.TestRunner.beforeRun(TestRunner.java:656)
	at org.testng.TestRunner.run(TestRunner.java:624)
	at org.testng.SuiteRunner.runTest(SuiteRunner.java:366)
	at org.testng.SuiteRunner.access$000(SuiteRunner.java:39)
	at org.testng.SuiteRunner$SuiteWorker.run(SuiteRunner.java:400)
	at org.testng.internal.thread.ThreadUtil$2.call(ThreadUtil.java:64)
	at java.util.concurrent.FutureTask.run(Unknown Source)
	at java.util.concurrent.ThreadPoolExecutor.runWorker(Unknown Source)
	at java.util.concurrent.ThreadPoolExecutor$Worker.run(Unknown Source)
	at java.lang.Thread.run(Unknown Source)
]]>
    </error>
  </testcase> <!-- ValidateLogin -->
  <testcase name="ValidateLogin" time="0.021" classname="com.test.openingtest">
    <error type="org.testng.TestNGException" message="
Parameter &#039;brower&#039; is required by @Configuration on method setup but has not been marked @Optional or defined
in C:\Users\Dell\Desktop\Automationtesting\testng.xml">
      <![CDATA[org.testng.TestNGException: 
Parameter 'brower' is required by @Configuration on method setup but has not been marked @Optional or defined
in C:\Users\Dell\Desktop\Automationtesting\testng.xml
	at org.testng.internal.Parameters.createParameters(Parameters.java:154)
	at org.testng.internal.Parameters.createParameters(Parameters.java:361)
	at org.testng.internal.Parameters.createConfigurationParameters(Parameters.java:84)
	at org.testng.internal.Invoker.invokeConfigurations(Invoker.java:201)
	at org.testng.internal.Invoker.invokeConfigurations(Invoker.java:142)
	at org.testng.TestRunner.beforeRun(TestRunner.java:656)
	at org.testng.TestRunner.run(TestRunner.java:624)
	at org.testng.SuiteRunner.runTest(SuiteRunner.java:366)
	at org.testng.SuiteRunner.access$000(SuiteRunner.java:39)
	at org.testng.SuiteRunner$SuiteWorker.run(SuiteRunner.java:400)
	at org.testng.internal.thread.ThreadUtil$2.call(ThreadUtil.java:64)
	at java.util.concurrent.FutureTask.run(Unknown Source)
	at java.util.concurrent.ThreadPoolExecutor.runWorker(Unknown Source)
	at java.util.concurrent.ThreadPoolExecutor$Worker.run(Unknown Source)
	at java.lang.Thread.run(Unknown Source)
]]>
    </error>
  </testcase> <!-- ValidateLogin -->
</testsuite> <!-- com.test.openingtest -->
