<?xml version="1.0" encoding="UTF-8"?>
<!-- Generated by org.testng.reporters.JUnitXMLReporter -->
<testsuite hostname="DESKTOP-JN4G41Q" name="Default test" tests="1" failures="1" timestamp="16 Jul 2020 16:49:20 GMT" time="25.1" errors="0">
  <testcase name="ValidateAddToCart" time="11.112" classname="test.AddToCartTesting$openingtest">
    <failure type="java.lang.AssertionError" message="expected [true] but found [false]">
      <![CDATA[java.lang.AssertionError: expected [true] but found [false]
	at test.AddToCartTesting$openingtest.ValidateAddToCart(AddToCartTesting.java:31)
... Removed 28 stack frames]]>
    </failure>
  </testcase> <!-- ValidateAddToCart -->
</testsuite> <!-- Default test -->
